<?xml version="1.0" encoding="UTF-8"?>
<testsuite name="SyntheziseTest" tests="4" skipped="0" failures="0" errors="0" timestamp="2021-04-26T00:43:32" hostname="DESKTOP-JVFQ71N" time="0.434">
  <properties/>
  <testcase name="GIVEN a project with a list of iterations WHEN needed their summary THEN dislpay objective and duration" classname="SyntheziseTest" time="0.015"/>
  <testcase name="GIVEN a project with iterations without activities WHEN get duration THEN get SabanaResearchException" classname="SyntheziseTest" time="0.001"/>
  <testcase name="GIVEN A student without assignedActivities WHEN needed a summary THEN Get Sabana Reseaarch Exception" classname="SyntheziseTest" time="0.002"/>
  <testcase name="GIVEN A list of students WHEN needed a summary THEN display their name and duration" classname="SyntheziseTest" time="0.002"/>
  <system-out><![CDATA[Objetivo: Georgia buffalo. Duracion: PT72HObjetivo: Pennsylvania ogres. Duracion: PT24HObjetivo: Georgia buffalo. Duracion: PT72HObjetivo: Pennsylvania ogres. Duracion: PT24HEstudiante: Adriana Velasquez, Duracion: PT72H
Estudiante: Juvenal Urbino, Duracion: PT72H
]]></system-out>
  <system-err><![CDATA[]]></system-err>
</testsuite>
